Arguments: 
  /usr/bin/node /usr/share/yarn/bin/yarn.js add vue vue-loader vue-template-compiler

PATH: 
  /home/vmadmin/.rvm/gems/ruby-2.7.1/bin:/home/vmadmin/.rvm/gems/ruby-2.7.1@global/bin:/home/vmadmin/.rvm/rubies/ruby-2.7.1/bin:/usr/local/sbin:/usr/local/bin:/usr/sbin:/usr/bin:/sbin:/bin:/usr/games:/usr/local/games:/snap/bin:/home/vmadmin/.rvm/bin

Yarn version: 
  1.22.4

Node version: 
  12.18.2

Platform: 
  linux x64

Trace: 
  Error: getaddrinfo EAI_AGAIN registry.yarnpkg.com
      at GetAddrInfoReqWrap.onlookup [as oncomplete] (dns.js:66:26)

npm manifest: 
  {
    "name": "test_app",
    "private": true,
    "dependencies": {
      "@rails/ujs": "^6.0.0",
      "turbolinks": "^5.2.0",
      "@rails/activestorage": "^6.0.0",
      "@rails/actioncable": "^6.0.0"
    },
    "version": "0.1.0"
  }

yarn manifest: 
  No manifest

Lockfile: 
  No lockfile
